<?xml version="1.0" encoding="UTF-8"?>
<testsuites name="Mocha Tests" time="2.2700" tests="4" failures="1">
  <testsuite name="Root Suite" timestamp="2022-08-11T09:52:29" tests="0" file="cypress/e2e/api.cy.js" time="0.0000" failures="0">
  </testsuite>
  <testsuite name="api testing" timestamp="2022-08-11T09:52:29" tests="4" time="2.2700" failures="1">
    <testcase name="api testing successfully retrieves all employees and counts the number of employees with age number higher than 30" time="0.9360" classname="successfully retrieves all employees and counts the number of employees with age number higher than 30">
    </testcase>
    <testcase name="api testing successfully adds new employee with age higher than 30 and assert that operation is successful" time="0.0000" classname="successfully adds new employee with age higher than 30 and assert that operation is successful">
      <failure message="`cy.request()` failed on:

https://dummy.restapiexample.com/api/v1/create

The response we received from your web server was:

  &gt; 429: Too Many Requests

This was considered a failure because the status code was not `2xx` or `3xx`.

If you do not want status codes to cause failures pass the option: `failOnStatusCode: false`

-----------------------------------------------------------

The request we sent was:

Method: POST
URL: https://dummy.restapiexample.com/api/v1/create
Headers: {
  &quot;Connection&quot;: &quot;keep-alive&quot;,
  &quot;user-agent&quot;: &quot;Mozilla/5.0 (Macintosh; Intel Mac OS X 10_15_7) AppleWebKit/537.36 (KHTML, like Gecko) Cypress/10.4.0 Chrome/102.0.5005.148 Electron/19.0.8 Safari/537.36&quot;,
  &quot;accept&quot;: &quot;*/*&quot;,
  &quot;accept-encoding&quot;: &quot;gzip, deflate&quot;,
  &quot;content-type&quot;: &quot;application/json&quot;,
  &quot;content-length&quot;: 47
}
Body: {&quot;name&quot;:&quot;cypress test&quot;,&quot;salary&quot;:&quot;420&quot;,&quot;age&quot;:99}

-----------------------------------------------------------

The response we got was:

Status: 429 - Too Many Requests
Headers: {
  &quot;content-encoding&quot;: &quot;gzip&quot;,
  &quot;content-type&quot;: &quot;text/html; charset=UTF-8&quot;,
  &quot;date&quot;: &quot;Thu, 11 Aug 2022 09:52:30 GMT&quot;,
  &quot;display&quot;: &quot;staticcontent_sol&quot;,
  &quot;expires&quot;: &quot;Wed, 10 Aug 2022 09:52:30 GMT&quot;,
  &quot;host-header&quot;: &quot;c2hhcmVkLmJsdWVob3N0LmNvbQ==&quot;,
  &quot;pagespeed&quot;: &quot;off&quot;,
  &quot;response&quot;: &quot;429&quot;,
  &quot;retry-after&quot;: &quot;3&quot;,
  &quot;server&quot;: &quot;nginx&quot;,
  &quot;set-cookie&quot;: [
    &quot;ezCMPCCS=false; Path=/; Domain=restapiexample.com; Expires=Fri, 11 Aug 2023 09:52:30 GMT&quot;
  ],
  &quot;vary&quot;: &quot;Accept-Encoding,Origin&quot;,
  &quot;x-endurance-cache-level&quot;: &quot;2&quot;,
  &quot;x-ezoic-cdn&quot;: &quot;Miss&quot;,
  &quot;x-middleton-display&quot;: &quot;staticcontent_sol&quot;,
  &quot;x-middleton-response&quot;: &quot;429&quot;,
  &quot;x-nginx-cache&quot;: &quot;WordPress&quot;,
  &quot;x-origin-cache-control&quot;: &quot;no-cache, private&quot;,
  &quot;x-ratelimit-limit&quot;: &quot;60&quot;,
  &quot;x-ratelimit-remaining&quot;: &quot;57&quot;,
  &quot;x-ratelimit-reset&quot;: &quot;1660211553&quot;,
  &quot;x-sol&quot;: &quot;pub_site&quot;,
  &quot;content-length&quot;: &quot;588&quot;
}
Body: &lt;!DOCTYPE html&gt;
&lt;html lang=&quot;en&quot;&gt;
    &lt;head&gt;
        &lt;meta charset=&quot;utf-8&quot;&gt;
        &lt;meta name=&quot;viewport&quot; content=&quot;width=device-width, initial-scale=1&quot;&gt;

        &lt;title&gt;Too Many Requests&lt;/title&gt;

        &lt;!-- Fonts --&gt;
        &lt;link rel=&quot;dns-prefetch&quot; href=&quot;//fonts.gstatic.com&quot;&gt;
        &lt;link href=&quot;https://fonts.googleapis.com/css?family=Nunito&quot; rel=&quot;stylesheet&quot;&gt;

        &lt;!-- Styles --&gt;
        &lt;style&gt;
  html, body {
      background-color: #fff;
      color: #636b6f;
      font-family: &apos;Nunito&apos;, sans-serif;
      font-weight: 100;
      height: 100vh;
      margin: 0;
  }

  .full-height {
      height: 100vh;
  }

  .flex-center {
      align-items: center;
      display: flex;
      justify-content: center;
  }

  .position-ref {
      position: relative;
  }

  .code {
      border-right: 2px solid;
      font-size: 26px;
      padding: 0 15px 0 15px;
      text-align: center;
  }

  .message {
      font-size: 18px;
      text-align: center;
  }
        &lt;/style&gt;
    &lt;/head&gt;
    &lt;body&gt;
        &lt;div class=&quot;flex-center position-ref full-height&quot;&gt;
  &lt;div class=&quot;code&quot;&gt;
      429            &lt;/div&gt;

  &lt;div class=&quot;message&quot; style=&quot;padding: 10px;&quot;&gt;
      Too Many Requests            &lt;/div&gt;
        &lt;/div&gt;
    &lt;/body&gt;
&lt;/html&gt;

https://on.cypress.io/request" type="CypressError"><![CDATA[CypressError: `cy.request()` failed on:

https://dummy.restapiexample.com/api/v1/create

The response we received from your web server was:

  > 429: Too Many Requests

This was considered a failure because the status code was not `2xx` or `3xx`.

If you do not want status codes to cause failures pass the option: `failOnStatusCode: false`

-----------------------------------------------------------

The request we sent was:

Method: POST
URL: https://dummy.restapiexample.com/api/v1/create
Headers: {
  "Connection": "keep-alive",
  "user-agent": "Mozilla/5.0 (Macintosh; Intel Mac OS X 10_15_7) AppleWebKit/537.36 (KHTML, like Gecko) Cypress/10.4.0 Chrome/102.0.5005.148 Electron/19.0.8 Safari/537.36",
  "accept": "*/*",
  "accept-encoding": "gzip, deflate",
  "content-type": "application/json",
  "content-length": 47
}
Body: {"name":"cypress test","salary":"420","age":99}

-----------------------------------------------------------

The response we got was:

Status: 429 - Too Many Requests
Headers: {
  "content-encoding": "gzip",
  "content-type": "text/html; charset=UTF-8",
  "date": "Thu, 11 Aug 2022 09:52:30 GMT",
  "display": "staticcontent_sol",
  "expires": "Wed, 10 Aug 2022 09:52:30 GMT",
  "host-header": "c2hhcmVkLmJsdWVob3N0LmNvbQ==",
  "pagespeed": "off",
  "response": "429",
  "retry-after": "3",
  "server": "nginx",
  "set-cookie": [
    "ezCMPCCS=false; Path=/; Domain=restapiexample.com; Expires=Fri, 11 Aug 2023 09:52:30 GMT"
  ],
  "vary": "Accept-Encoding,Origin",
  "x-endurance-cache-level": "2",
  "x-ezoic-cdn": "Miss",
  "x-middleton-display": "staticcontent_sol",
  "x-middleton-response": "429",
  "x-nginx-cache": "WordPress",
  "x-origin-cache-control": "no-cache, private",
  "x-ratelimit-limit": "60",
  "x-ratelimit-remaining": "57",
  "x-ratelimit-reset": "1660211553",
  "x-sol": "pub_site",
  "content-length": "588"
}
Body: <!DOCTYPE html>
<html lang="en">
    <head>
        <meta charset="utf-8">
        <meta name="viewport" content="width=device-width, initial-scale=1">

        <title>Too Many Requests</title>

        <!-- Fonts -->
        <link rel="dns-prefetch" href="//fonts.gstatic.com">
        <link href="https://fonts.googleapis.com/css?family=Nunito" rel="stylesheet">

        <!-- Styles -->
        <style>
  html, body {
      background-color: #fff;
      color: #636b6f;
      font-family: 'Nunito', sans-serif;
      font-weight: 100;
      height: 100vh;
      margin: 0;
  }

  .full-height {
      height: 100vh;
  }

  .flex-center {
      align-items: center;
      display: flex;
      justify-content: center;
  }

  .position-ref {
      position: relative;
  }

  .code {
      border-right: 2px solid;
      font-size: 26px;
      padding: 0 15px 0 15px;
      text-align: center;
  }

  .message {
      font-size: 18px;
      text-align: center;
  }
        </style>
    </head>
    <body>
        <div class="flex-center position-ref full-height">
  <div class="code">
      429            </div>

  <div class="message" style="padding: 10px;">
      Too Many Requests            </div>
        </div>
    </body>
</html>

https://on.cypress.io/request
    at http://localhost:61507/__cypress/runner/cypress_runner.js:158793:80
    at tryCatcher (http://localhost:61507/__cypress/runner/cypress_runner.js:13012:23)
    at Promise._settlePromiseFromHandler (http://localhost:61507/__cypress/runner/cypress_runner.js:10947:31)
    at Promise._settlePromise (http://localhost:61507/__cypress/runner/cypress_runner.js:11004:18)
    at Promise._settlePromise0 (http://localhost:61507/__cypress/runner/cypress_runner.js:11049:10)
    at Promise._settlePromises (http://localhost:61507/__cypress/runner/cypress_runner.js:11129:18)
    at _drainQueueStep (http://localhost:61507/__cypress/runner/cypress_runner.js:7719:12)
    at _drainQueue (http://localhost:61507/__cypress/runner/cypress_runner.js:7712:9)
    at ../../node_modules/bluebird/js/release/async.js.Async._drainQueues (http://localhost:61507/__cypress/runner/cypress_runner.js:7728:5)
    at Async.drainQueues (http://localhost:61507/__cypress/runner/cypress_runner.js:7598:14)
From Your Spec Code:
    at Context.eval (http://localhost:61507/__cypress/tests?p=cypress/e2e/api.cy.js:122:10)]]></failure>
    </testcase>
    <testcase name="api testing successfully updates the employee and asserts that operation is successful" time="0.6330" classname="successfully updates the employee and asserts that operation is successful">
    </testcase>
    <testcase name="api testing successfully deletes the employee that he added and asserts the operation is successful" time="0.7010" classname="successfully deletes the employee that he added and asserts the operation is successful">
    </testcase>
  </testsuite>
</testsuites>