<?xml version="1.0" encoding="UTF-8"?>
<testsuites name="Mocha Tests" time="1.2670" tests="2" failures="1">
  <testsuite name="Root Suite" timestamp="2022-08-11T09:52:34" tests="0" file="cypress/e2e/shopping.cy.js" time="0.0000" failures="0">
  </testsuite>
  <testsuite name="Shopping Flows E2E" timestamp="2022-08-11T09:52:34" tests="2" time="1.2670" failures="1">
    <testcase name="Shopping Flows E2E Add two products to the cart" time="1.2670" classname="Add two products to the cart">
    </testcase>
    <testcase name="Shopping Flows E2E Remove products from the card" time="0.0000" classname="Remove products from the card">
      <failure message="Timed out retrying after 10000ms: Expected to find element: `[data-test=&quot;remove-sauce-labs-fleece-jacket&quot;]`, but never found it." type="AssertionError"><![CDATA[AssertionError: Timed out retrying after 10000ms: Expected to find element: `[data-test="remove-sauce-labs-fleece-jacket"]`, but never found it.
    at Context.eval (https://www.saucedemo.com/__cypress/tests?p=cypress/support/e2e.js:125:13)]]></failure>
    </testcase>
  </testsuite>
</testsuites>